<?xml version="1.0" encoding="UTF-8"?>
<!-- Generated by org.testng.reporters.JUnitReportReporter -->
<testsuite hostname="DESKTOP-SBLE5NI" failures="0" tests="1" name="testRestAssured.TestRestAssured_Get" time="4.200" errors="0" timestamp="2024-04-26T12:06:05 CST" skipped="0">
  <testcase classname="testRestAssured.TestRestAssured_Get" name="testone" time="4.200"/>
</testsuite> <!-- testRestAssured.TestRestAssured_Get -->
